<?xml version="1.0" encoding="UTF-8"?>
<!-- Generated by org.testng.reporters.JUnitReportReporter -->
<testsuite skipped="0" hostname="Naumans-PC" name="io.swagger.petstore.testsuite.petcurdtest.PetCURDTest" tests="4" failures="0" timestamp="2023-01-03T09:57:00 GMT" time="18.039" errors="0">
  <testcase name="test003" time="4.673" classname="io.swagger.petstore.testsuite.petcurdtest.PetCURDTest"/>
  <system-out/>
  <testcase name="test001" time="3.419" classname="io.swagger.petstore.testsuite.petcurdtest.PetCURDTest"/>
  <system-out/>
  <testcase name="test002" time="4.163" classname="io.swagger.petstore.testsuite.petcurdtest.PetCURDTest"/>
  <system-out/>
  <testcase name="test004" time="5.784" classname="io.swagger.petstore.testsuite.petcurdtest.PetCURDTest"/>
  <system-out/>
</testsuite> <!-- io.swagger.petstore.testsuite.petcurdtest.PetCURDTest -->
