<?xml version="1.0" encoding="UTF-8"?>
<!-- Generated by org.testng.reporters.JUnitReportReporter -->
<testsuite skipped="0" hostname="Naumans-PC" name="io.swagger.petstore.testsuite.petcurdtest.UserCURDTest" tests="4" failures="0" timestamp="2023-01-03T09:57:00 GMT" time="17.582" errors="0">
  <testcase name="test002" time="4.030" classname="io.swagger.petstore.testsuite.petcurdtest.UserCURDTest"/>
  <system-out/>
  <testcase name="test001" time="3.350" classname="io.swagger.petstore.testsuite.petcurdtest.UserCURDTest"/>
  <system-out/>
  <testcase name="test004" time="5.601" classname="io.swagger.petstore.testsuite.petcurdtest.UserCURDTest"/>
  <system-out/>
  <testcase name="test003" time="4.601" classname="io.swagger.petstore.testsuite.petcurdtest.UserCURDTest"/>
  <system-out/>
</testsuite> <!-- io.swagger.petstore.testsuite.petcurdtest.UserCURDTest -->
